[2025-07-11T16:51:20.130Z] 304 GET /api/health 1.134 ms
[2025-07-11T16:51:35.432Z] 404 GET /api/does-not-exist 0.907 ms
[2025-07-11T16:51:55.649Z] 404 GET /api/does-not-exist 6.782 ms
[2025-07-11T17:25:35.755Z] 200 POST /api/auth/login 141.667 ms
[2025-07-11T17:25:35.821Z] 200 POST /api/auth/login 57.937 ms
[2025-07-11T17:25:35.828Z] 200 POST /api/auth/refresh 3.007 ms
[2025-07-11T17:38:14.801Z] 200 POST /api/auth/login 123.945 ms
[2025-07-11T17:38:15.356Z] 200 POST /api/auth/login 111.257 ms
[2025-07-11T17:38:15.416Z] 200 POST /api/auth/login 54.128 ms
[2025-07-11T17:38:15.424Z] 200 POST /api/auth/refresh 3.301 ms
[2025-07-11T17:39:47.764Z] 200 POST /api/device/handshake 16.830 ms
[2025-07-11T17:39:48.053Z] 200 POST /api/auth/login 113.744 ms
[2025-07-11T17:39:48.114Z] 200 POST /api/auth/login 55.657 ms
[2025-07-11T17:39:48.121Z] 200 POST /api/auth/refresh 2.957 ms
[2025-07-11T17:42:23.059Z] 200 POST /api/auth/login 117.352 ms
[2025-07-11T17:42:23.125Z] 200 POST /api/auth/login 55.249 ms
[2025-07-11T17:42:23.132Z] 200 POST /api/auth/refresh 2.859 ms
[2025-07-11T17:44:32.491Z] 200 POST /api/auth/login 60.435 ms
[2025-07-11T17:44:32.505Z] 500 POST /api/session/open 8.026 ms
[2025-07-11T17:44:33.060Z] 200 POST /api/auth/login 111.200 ms
[2025-07-11T17:44:33.122Z] 200 POST /api/auth/login 55.338 ms
[2025-07-11T17:44:33.129Z] 200 POST /api/auth/refresh 2.842 ms
[2025-07-11T17:47:42.115Z] 200 POST /api/device/handshake 15.750 ms
[2025-07-11T17:47:42.415Z] 200 POST /api/auth/login 115.179 ms
[2025-07-11T17:47:42.477Z] 200 POST /api/auth/login 56.174 ms
[2025-07-11T17:47:42.486Z] 200 POST /api/auth/refresh 2.894 ms
[2025-07-11T17:50:09.701Z] 200 POST /api/auth/login 153.232 ms
[2025-07-11T17:50:09.766Z] 200 POST /api/auth/login 57.376 ms
[2025-07-11T17:50:09.773Z] 200 POST /api/auth/refresh 2.749 ms
[2025-07-11T17:50:10.039Z] 200 POST /api/device/handshake 13.200 ms
[2025-07-11T17:51:19.762Z] 200 POST /api/auth/login 116.765 ms
[2025-07-11T17:51:19.837Z] 200 POST /api/auth/login 55.350 ms
[2025-07-11T17:51:19.844Z] 200 POST /api/auth/refresh 2.916 ms
[2025-07-11T17:51:20.251Z] 200 POST /api/device/handshake 12.533 ms
[2025-07-11T17:53:18.055Z] 200 POST /api/auth/login 113.770 ms
[2025-07-11T17:53:18.129Z] 200 POST /api/auth/login 63.650 ms
[2025-07-11T17:53:18.137Z] 200 POST /api/auth/refresh 2.937 ms
[2025-07-11T17:53:18.429Z] 200 POST /api/device/handshake 14.422 ms
[2025-07-11T17:54:25.847Z] 200 POST /api/auth/login 75.755 ms
[2025-07-11T17:54:25.864Z] 400 POST /api/session/open 7.277 ms
[2025-07-11T17:54:26.276Z] 200 POST /api/auth/login 156.645 ms
[2025-07-11T17:54:26.341Z] 200 POST /api/auth/login 57.242 ms
[2025-07-11T17:54:26.349Z] 200 POST /api/auth/refresh 3.201 ms
[2025-07-11T17:54:26.621Z] 200 POST /api/device/handshake 12.983 ms
[2025-07-11T17:54:40.422Z] 200 POST /api/auth/login 74.647 ms
[2025-07-11T17:54:40.435Z] 400 POST /api/session/open 5.067 ms
[2025-07-11T17:54:40.832Z] 200 POST /api/auth/login 150.484 ms
[2025-07-11T17:54:40.898Z] 200 POST /api/auth/login 58.079 ms
[2025-07-11T17:54:40.905Z] 200 POST /api/auth/refresh 2.801 ms
[2025-07-11T17:54:41.174Z] 200 POST /api/device/handshake 14.850 ms
[2025-07-11T17:58:17.827Z] 200 POST /api/auth/login 63.020 ms
[2025-07-11T17:58:17.846Z] 500 POST /api/session/open 11.838 ms
[2025-07-11T17:58:18.275Z] 200 POST /api/auth/login 186.598 ms
[2025-07-11T17:58:18.337Z] 200 POST /api/auth/login 55.399 ms
[2025-07-11T17:58:18.344Z] 200 POST /api/auth/refresh 2.963 ms
[2025-07-11T17:58:18.603Z] 200 POST /api/device/handshake 12.062 ms
[2025-07-11T18:00:27.054Z] 200 POST /api/auth/login 63.935 ms
[2025-07-11T18:00:27.073Z] 500 POST /api/session/open 11.160 ms
[2025-07-11T18:00:27.483Z] 200 POST /api/auth/login 161.749 ms
[2025-07-11T18:00:27.543Z] 200 POST /api/auth/login 53.840 ms
[2025-07-11T18:00:27.550Z] 200 POST /api/auth/refresh 2.846 ms
[2025-07-11T18:00:27.820Z] 200 POST /api/device/handshake 13.729 ms
[2025-07-11T18:02:37.572Z] 200 POST /api/auth/login 66.140 ms
[2025-07-11T18:02:37.605Z] 500 POST /api/session/open 12.608 ms
[2025-07-11T18:02:38.711Z] 200 POST /api/auth/login 329.065 ms
[2025-07-11T18:02:38.786Z] 200 POST /api/auth/login 67.424 ms
[2025-07-11T18:02:38.813Z] 200 POST /api/auth/refresh 12.708 ms
[2025-07-11T18:02:39.621Z] 200 POST /api/device/handshake 12.186 ms
[2025-07-11T18:03:34.586Z] 200 POST /api/auth/login 75.875 ms
[2025-07-11T18:03:34.604Z] 500 POST /api/session/open 11.074 ms
[2025-07-11T18:03:35.034Z] 200 POST /api/auth/login 182.105 ms
[2025-07-11T18:03:35.095Z] 200 POST /api/auth/login 53.969 ms
[2025-07-11T18:03:35.103Z] 200 POST /api/auth/refresh 3.106 ms
[2025-07-11T18:03:35.380Z] 200 POST /api/device/handshake 14.041 ms
[2025-07-11T18:05:47.862Z] 200 POST /api/auth/login 76.928 ms
[2025-07-11T18:05:47.881Z] 500 POST /api/session/open 11.698 ms
[2025-07-11T18:05:48.370Z] 200 POST /api/auth/login 180.682 ms
[2025-07-11T18:05:48.432Z] 200 POST /api/auth/login 54.760 ms
[2025-07-11T18:05:48.440Z] 200 POST /api/auth/refresh 2.834 ms
[2025-07-11T18:05:48.705Z] 200 POST /api/device/handshake 13.671 ms
[2025-07-11T18:10:54.756Z] 200 POST /api/auth/login 55.686 ms
[2025-07-11T18:10:54.774Z] 500 POST /api/session/open 11.347 ms
[2025-07-11T18:10:55.041Z] 200 POST /api/auth/login 96.864 ms
[2025-07-11T18:10:55.092Z] 200 POST /api/auth/login 45.411 ms
[2025-07-11T18:10:55.098Z] 200 POST /api/auth/refresh 2.423 ms
[2025-07-11T18:10:55.298Z] 200 POST /api/device/handshake 9.582 ms
[2025-07-11T18:11:56.966Z] 200 POST /api/auth/login 57.401 ms
[2025-07-11T18:11:56.984Z] 500 POST /api/session/open 11.341 ms
[2025-07-11T18:11:57.269Z] 200 POST /api/auth/login 110.218 ms
[2025-07-11T18:11:57.320Z] 200 POST /api/auth/login 44.798 ms
[2025-07-11T18:11:57.326Z] 200 POST /api/auth/refresh 2.578 ms
[2025-07-11T18:11:57.538Z] 200 POST /api/device/handshake 13.502 ms
[2025-07-11T18:13:03.994Z] 200 POST /api/auth/login 53.219 ms
[2025-07-11T18:13:04.010Z] 500 POST /api/session/open 10.366 ms
[2025-07-11T18:13:04.284Z] 200 POST /api/auth/login 98.873 ms
[2025-07-11T18:13:04.346Z] 200 POST /api/auth/login 53.886 ms
[2025-07-11T18:13:04.353Z] 200 POST /api/auth/refresh 2.519 ms
[2025-07-11T18:13:04.561Z] 200 POST /api/device/handshake 11.055 ms
[2025-07-11T18:14:53.042Z] 200 POST /api/auth/login 54.497 ms
[2025-07-11T18:14:53.060Z] 500 POST /api/session/open 11.651 ms
[2025-07-11T18:14:53.330Z] 200 POST /api/auth/login 99.078 ms
[2025-07-11T18:14:53.388Z] 200 POST /api/auth/login 50.845 ms
[2025-07-11T18:14:53.395Z] 200 POST /api/auth/refresh 2.349 ms
[2025-07-11T18:14:53.601Z] 200 POST /api/device/handshake 12.074 ms
[2025-07-11T18:16:23.105Z] 200 POST /api/auth/login 54.410 ms
[2025-07-11T18:16:23.123Z] 500 POST /api/session/open 12.104 ms
[2025-07-11T18:16:23.397Z] 200 POST /api/auth/login 98.018 ms
[2025-07-11T18:16:23.453Z] 200 POST /api/auth/login 47.852 ms
[2025-07-11T18:16:23.459Z] 200 POST /api/auth/refresh 2.489 ms
[2025-07-11T18:16:23.692Z] 200 POST /api/device/handshake 11.017 ms
[2025-07-11T18:17:15.030Z] 200 POST /api/auth/login 54.395 ms
[2025-07-11T18:17:15.047Z] 201 POST /api/session/open 10.205 ms
[2025-07-11T18:17:15.059Z] 200 POST /api/device/handshake 5.903 ms
[2025-07-11T18:17:15.328Z] 200 POST /api/auth/login 99.226 ms
[2025-07-11T18:17:15.381Z] 200 POST /api/auth/login 47.443 ms
[2025-07-11T18:17:15.388Z] 200 POST /api/auth/refresh 2.527 ms
[2025-07-11T18:17:15.595Z] 200 POST /api/device/handshake 9.931 ms
[2025-07-11T18:20:36.917Z] 200 POST /api/auth/login 56.087 ms
[2025-07-11T18:20:36.934Z] 201 POST /api/session/open 10.379 ms
[2025-07-11T18:20:36.949Z] 200 POST /api/device/handshake 7.929 ms
[2025-07-11T18:20:36.961Z] 200 POST /api/device/auth 8.539 ms
[2025-07-11T18:20:36.978Z] 500 POST /api/scan 10.975 ms
[2025-07-11T18:20:37.255Z] 200 POST /api/auth/login 99.816 ms
[2025-07-11T18:20:37.306Z] 200 POST /api/auth/login 44.796 ms
[2025-07-11T18:20:37.312Z] 200 POST /api/auth/refresh 2.400 ms
[2025-07-11T18:20:37.518Z] 200 POST /api/device/handshake 10.610 ms
[2025-07-11T18:22:04.286Z] 200 POST /api/auth/login 53.000 ms
[2025-07-11T18:22:04.302Z] 201 POST /api/session/open 9.948 ms
[2025-07-11T18:22:04.313Z] 200 POST /api/device/handshake 7.384 ms
[2025-07-11T18:22:04.325Z] 200 POST /api/device/auth 8.115 ms
[2025-07-11T18:22:04.339Z] 204 POST /api/scan 7.838 ms
[2025-07-11T18:22:04.352Z] 500 PATCH /api/session/close/3 9.622 ms
[2025-07-11T18:22:04.634Z] 200 POST /api/auth/login 103.896 ms
[2025-07-11T18:22:04.685Z] 200 POST /api/auth/login 45.166 ms
[2025-07-11T18:22:04.691Z] 200 POST /api/auth/refresh 2.433 ms
[2025-07-11T18:22:04.905Z] 200 POST /api/device/handshake 12.022 ms
[2025-07-11T18:24:17.402Z] 200 POST /api/auth/login 53.134 ms
[2025-07-11T18:24:17.418Z] 201 POST /api/session/open 9.192 ms
[2025-07-11T18:24:17.429Z] 200 POST /api/device/handshake 7.511 ms
[2025-07-11T18:24:17.441Z] 200 POST /api/device/auth 7.673 ms
[2025-07-11T18:24:17.453Z] 204 POST /api/scan 6.568 ms
[2025-07-11T18:24:17.461Z] 200 PATCH /api/session/close/4 4.810 ms
[2025-07-11T18:24:17.713Z] 200 POST /api/auth/login 99.174 ms
[2025-07-11T18:24:17.765Z] 200 POST /api/auth/login 45.371 ms
[2025-07-11T18:24:17.771Z] 200 POST /api/auth/refresh 2.462 ms
[2025-07-11T18:24:17.981Z] 200 POST /api/device/handshake 11.331 ms
[2025-07-11T18:32:46.201Z] 200 POST /api/auth/login 55.292 ms
[2025-07-11T18:32:46.216Z] 201 POST /api/session/open 9.177 ms
[2025-07-11T18:32:46.239Z] 200 POST /api/device/handshake 9.822 ms
[2025-07-11T18:32:51.580Z] 200 POST /api/auth/login 54.489 ms
[2025-07-11T18:32:51.595Z] 201 POST /api/session/open 8.348 ms
[2025-07-11T18:32:51.606Z] 200 POST /api/device/handshake 6.583 ms
[2025-07-11T18:32:51.615Z] 200 POST /api/device/auth 5.752 ms
[2025-07-11T18:32:51.629Z] 204 POST /api/scan 7.914 ms
[2025-07-11T18:32:51.641Z] 200 PATCH /api/session/close/6 9.100 ms
[2025-07-11T18:32:51.856Z] 200 POST /api/device/handshake 12.788 ms
[2025-07-11T18:32:52.103Z] 200 POST /api/auth/login 104.155 ms
[2025-07-11T18:32:52.155Z] 200 POST /api/auth/login 45.536 ms
[2025-07-11T18:32:52.160Z] 200 POST /api/auth/refresh 2.388 ms
[2025-07-11T18:43:22.381Z] 200 POST /api/auth/login 57.002 ms
[2025-07-11T18:43:22.398Z] 201 POST /api/session/open 10.708 ms
[2025-07-11T18:43:22.412Z] 200 POST /api/device/handshake 8.334 ms
[2025-07-11T18:43:27.758Z] 200 POST /api/auth/login 56.543 ms
[2025-07-11T18:43:27.775Z] 201 POST /api/session/open 10.600 ms
[2025-07-11T18:43:27.792Z] 200 POST /api/device/handshake 12.023 ms
[2025-07-11T18:43:27.803Z] 200 POST /api/device/auth 7.748 ms
[2025-07-11T18:43:27.821Z] 204 POST /api/scan 9.272 ms
[2025-07-11T18:43:27.834Z] 200 PATCH /api/session/close/8 9.396 ms
[2025-07-11T18:43:28.089Z] 200 POST /api/auth/login 100.757 ms
[2025-07-11T18:43:28.142Z] 200 POST /api/auth/login 46.364 ms
[2025-07-11T18:43:28.148Z] 200 POST /api/auth/refresh 2.427 ms
[2025-07-11T18:43:28.357Z] 200 POST /api/device/handshake 11.238 ms
[2025-07-11T18:46:11.612Z] 200 POST /api/auth/login 59.102 ms
[2025-07-11T18:46:11.626Z] 201 POST /api/session/open 8.362 ms
[2025-07-11T18:46:11.640Z] 200 POST /api/device/handshake 6.804 ms
[2025-07-11T18:46:17.001Z] 200 POST /api/auth/login 55.805 ms
[2025-07-11T18:46:17.017Z] 201 POST /api/session/open 10.433 ms
[2025-07-11T18:46:17.029Z] 200 POST /api/device/handshake 7.103 ms
[2025-07-11T18:46:17.039Z] 200 POST /api/device/auth 6.671 ms
[2025-07-11T18:46:17.055Z] 204 POST /api/scan 8.279 ms
[2025-07-11T18:46:17.066Z] 200 PATCH /api/session/close/10 8.098 ms
[2025-07-11T18:46:17.316Z] 200 POST /api/auth/login 102.713 ms
[2025-07-11T18:46:17.370Z] 200 POST /api/auth/login 48.453 ms
[2025-07-11T18:46:17.376Z] 200 POST /api/auth/refresh 2.264 ms
[2025-07-11T18:46:17.587Z] 200 POST /api/device/handshake 12.369 ms
[2025-07-11T18:47:35.492Z] 200 POST /api/auth/login 53.763 ms
[2025-07-11T18:47:35.509Z] 201 POST /api/session/open 10.397 ms
[2025-07-11T18:47:35.527Z] 200 POST /api/device/handshake 11.298 ms
[2025-07-11T18:47:40.861Z] 200 POST /api/auth/login 50.412 ms
[2025-07-11T18:47:40.878Z] 201 POST /api/session/open 8.986 ms
[2025-07-11T18:47:40.889Z] 200 POST /api/device/handshake 5.649 ms
[2025-07-11T18:47:40.902Z] 200 POST /api/device/auth 6.753 ms
[2025-07-11T18:47:40.913Z] 204 POST /api/scan 6.581 ms
[2025-07-11T18:47:40.927Z] 200 PATCH /api/session/close/12 8.708 ms
[2025-07-11T18:47:41.134Z] 200 POST /api/device/handshake 10.915 ms
[2025-07-11T18:47:41.367Z] 200 POST /api/auth/login 91.648 ms
[2025-07-11T18:47:41.417Z] 200 POST /api/auth/login 44.669 ms
[2025-07-11T18:47:41.425Z] 200 POST /api/auth/refresh 2.570 ms
[2025-07-11T18:49:01.765Z] 200 POST /api/auth/login 54.524 ms
[2025-07-11T18:49:01.780Z] 201 POST /api/session/open 9.398 ms
[2025-07-11T18:49:01.793Z] 200 POST /api/device/handshake 7.853 ms
[2025-07-11T18:49:01.820Z] 204 POST /api/scan 7.845 ms
[2025-07-11T18:49:02.146Z] 200 POST /api/auth/login 53.416 ms
[2025-07-11T18:49:02.159Z] 201 POST /api/session/open 7.541 ms
[2025-07-11T18:49:02.178Z] 200 POST /api/device/handshake 14.582 ms
[2025-07-11T18:49:02.190Z] 200 POST /api/device/auth 8.209 ms
[2025-07-11T18:49:02.207Z] 204 POST /api/scan 8.591 ms
[2025-07-11T18:49:02.222Z] 200 PATCH /api/session/close/14 11.640 ms
[2025-07-11T18:49:02.462Z] 200 POST /api/auth/login 95.579 ms
[2025-07-11T18:49:02.512Z] 200 POST /api/auth/login 44.673 ms
[2025-07-11T18:49:02.517Z] 200 POST /api/auth/refresh 2.343 ms
[2025-07-11T18:49:02.718Z] 200 POST /api/device/handshake 11.994 ms
[2025-07-11T18:56:34.292Z] 200 POST /api/auth/login 56.675 ms
[2025-07-11T18:56:34.308Z] 201 POST /api/session/open 10.606 ms
[2025-07-11T18:56:34.333Z] 200 POST /api/device/handshake 7.565 ms
[2025-07-11T18:56:34.361Z] 204 POST /api/scan 8.597 ms
[2025-07-11T18:56:34.733Z] 200 POST /api/auth/login 51.098 ms
[2025-07-11T18:56:34.752Z] 201 POST /api/session/open 9.029 ms
[2025-07-11T18:56:34.761Z] 200 POST /api/device/handshake 4.728 ms
[2025-07-11T18:56:34.773Z] 200 POST /api/device/auth 6.112 ms
[2025-07-11T18:56:34.785Z] 204 POST /api/scan 7.855 ms
[2025-07-11T18:56:34.796Z] 200 PATCH /api/session/close/16 7.881 ms
[2025-07-11T18:56:35.094Z] 200 POST /api/auth/login 98.307 ms
[2025-07-11T18:56:35.144Z] 200 POST /api/auth/login 44.953 ms
[2025-07-11T18:56:35.150Z] 200 POST /api/auth/refresh 2.355 ms
[2025-07-11T18:56:35.412Z] 200 POST /api/device/handshake 12.017 ms
[2025-07-11T19:07:36.940Z] 404 GET /api/session/close/1 3.168 ms
[2025-07-11T19:08:38.462Z] 500 POST /api/auth/login 105.604 ms
[2025-07-11T19:08:52.238Z] 500 POST /api/auth/login 45.858 ms
[2025-07-11T19:10:04.433Z] 500 POST /api/auth/login 44.619 ms
[2025-07-11T19:12:02.978Z] 500 POST /api/auth/login 109.898 ms
[2025-07-11T19:13:58.945Z] 200 POST /api/auth/login 100.014 ms
[2025-07-11T19:14:56.909Z] 400 PATCH /api/attendance/123 7.605 ms
[2025-07-11T19:15:10.728Z] 500 PATCH /api/attendance/123 14.769 ms
[2025-07-11T19:24:47.200Z] 404 POST /api/attendance/123 8.423 ms
[2025-07-11T19:24:53.323Z] 500 PATCH /api/attendance/123 70.305 ms
[2025-07-11T19:25:19.317Z] 500 PATCH /api/attendance/123 55.606 ms
[2025-07-11T19:30:02.247Z] 401 PATCH /api/attendance/123 10.042 ms
[2025-07-11T19:32:06.986Z] 401 PATCH /api/attendance/123 6.365 ms
[2025-07-11T19:34:52.653Z] 401 PATCH /api/attendance/123 12.871 ms
[2025-07-11T19:57:13.989Z] 401 PATCH /api/attendance/123 21.712 ms
[2025-07-11T19:58:19.431Z] 404 POST /api/attendance/123 5.860 ms
[2025-07-11T19:58:26.863Z] 200 POST /api/auth/login 181.158 ms
[2025-07-11T19:58:42.609Z] 404 PATCH /api/attendance/123 24.353 ms
[2025-07-11T20:01:32.721Z] 200 POST /api/auth/login 54.749 ms
[2025-07-11T20:01:32.738Z] 201 POST /api/session/open 10.802 ms
[2025-07-11T20:01:32.759Z] 200 POST /api/device/handshake 7.449 ms
[2025-07-11T20:01:32.791Z] 204 POST /api/scan 8.419 ms
[2025-07-11T20:01:33.178Z] 200 POST /api/auth/login 52.315 ms
[2025-07-11T20:01:33.196Z] 201 POST /api/session/open 11.721 ms
[2025-07-11T20:01:33.213Z] 200 POST /api/device/handshake 12.922 ms
[2025-07-11T20:01:33.226Z] 200 POST /api/device/auth 9.661 ms
[2025-07-11T20:01:33.240Z] 204 POST /api/scan 7.719 ms
[2025-07-11T20:01:33.254Z] 200 PATCH /api/session/close/18 10.808 ms
[2025-07-11T20:01:33.551Z] 200 POST /api/auth/login 93.376 ms
[2025-07-11T20:01:33.604Z] 200 POST /api/auth/login 45.009 ms
[2025-07-11T20:01:33.610Z] 200 POST /api/auth/refresh 2.396 ms
[2025-07-11T20:01:33.885Z] 200 POST /api/device/handshake 10.500 ms
[2025-07-11T20:03:40.112Z] 200 GET /api/health 3.774 ms
[2025-07-11T20:10:00.557Z] 301 GET /api/docs 1.500 ms
[2025-07-11T20:10:00.569Z] 200 GET /api/docs/ 2.942 ms
[2025-07-11T20:10:00.659Z] 200 GET /api/docs/swagger-ui-init.js 0.269 ms
[2025-07-11T20:10:00.661Z] 200 GET /api/docs/swagger-ui.css 5.087 ms
[2025-07-11T20:10:00.664Z] 200 GET /api/docs/swagger-ui-standalone-preset.js 5.102 ms
[2025-07-11T20:10:00.667Z] 200 GET /api/docs/swagger-ui-bundle.js 3.988 ms
[2025-07-11T20:10:00.901Z] 200 GET /api/docs/favicon-32x32.png 1.202 ms
[2025-07-11T20:17:53.221Z] 200 GET /api/health 6.088 ms
[2025-07-11T20:18:27.120Z] 401 POST /api/auth/login 101.187 ms
[2025-07-12T15:47:23.249Z] 404 GET /api/auth/profile 4.018 ms
[2025-07-12T15:47:23.252Z] 404 GET /api/auth/profile 0.536 ms
[2025-07-14T19:00:24.748Z] 404 GET /health 3.452 ms
[2025-07-14T19:00:24.824Z] 404 GET /favicon.ico 0.604 ms
[2025-07-14T19:43:29.310Z] 200 POST /api/auth/login 116.118 ms
[2025-07-14T19:49:30.797Z] 200 POST /api/auth/login 65.405 ms
[2025-07-14T19:50:05.065Z] 200 POST /api/auth/login 53.280 ms
[2025-07-14T19:50:15.321Z] 200 POST /api/auth/login 57.295 ms
[2025-07-14T19:50:24.145Z] 200 POST /api/auth/login 54.559 ms
[2025-07-14T19:50:35.726Z] 200 POST /api/auth/login 55.445 ms
[2025-07-14T19:50:44.575Z] 401 POST /api/auth/login 5.281 ms
[2025-07-14T19:50:52.404Z] 401 POST /api/auth/login 3.800 ms
[2025-07-14T19:51:01.023Z] 401 POST /api/auth/login 4.745 ms
[2025-07-14T19:51:05.714Z] 401 POST /api/auth/login 4.528 ms
[2025-07-14T19:52:05.478Z] 200 GET /api/health 10.330 ms
[2025-07-14T19:53:17.902Z] 404 GET /health 10.837 ms
[2025-07-14T20:52:39.320Z] 200 POST /api/auth/login 66.780 ms
[2025-07-14T20:52:39.336Z] 404 GET /api/session/mine/sections 1.039 ms
[2025-07-14T20:52:50.794Z] 200 POST /api/auth/login 47.579 ms
[2025-07-14T20:52:50.808Z] 404 GET /api/session/mine/sections 0.439 ms
[2025-07-14T20:53:14.054Z] 200 POST /api/auth/login 53.217 ms
[2025-07-14T20:53:14.079Z] 404 GET /api/session/mine/sections 0.617 ms
[2025-07-14T21:27:46.294Z] 200 POST /api/auth/login 74.478 ms
[2025-07-14T21:27:46.325Z] 404 GET /api/session/mine/sections 1.311 ms
[2025-07-14T21:28:47.151Z] 200 POST /api/auth/login 49.077 ms
[2025-07-14T21:28:47.171Z] 404 GET /api/session/mine/sections 0.684 ms
[2025-07-14T21:42:20.720Z] 200 POST /api/auth/login 59.931 ms
[2025-07-14T21:42:20.748Z] 200 GET /api/session/mine/sections 9.193 ms
[2025-07-14T21:43:36.612Z] 200 POST /api/auth/login 47.030 ms
[2025-07-14T21:43:36.634Z] 200 GET /api/session/mine/sections 5.241 ms
[2025-07-14T21:45:44.847Z] 304 GET /api/session/mine/sections 27.742 ms
[2025-07-14T21:45:57.262Z] 200 POST /api/auth/login 56.141 ms
[2025-07-14T21:45:57.279Z] 304 GET /api/session/mine/sections 3.250 ms
[2025-07-14T21:46:02.266Z] 200 POST /api/auth/login 49.991 ms
[2025-07-14T21:46:02.283Z] 304 GET /api/session/mine/sections 3.556 ms
[2025-07-14T21:46:15.520Z] 200 POST /api/auth/login 45.475 ms
[2025-07-14T21:46:15.537Z] 304 GET /api/session/mine/sections 3.204 ms
[2025-07-14T21:47:55.189Z] 200 POST /api/auth/login 47.954 ms
[2025-07-14T21:47:55.206Z] 304 GET /api/session/mine/sections 2.372 ms
[2025-07-14T21:51:24.997Z] 304 GET /api/session/mine/sections 113.510 ms
[2025-07-14T21:51:25.832Z] 304 GET /api/session/mine/sections 6.908 ms
[2025-07-14T21:53:50.831Z] 304 GET /api/session/mine/sections 12.879 ms
[2025-07-14T21:54:25.013Z] 200 POST /api/auth/login 56.113 ms
[2025-07-14T21:54:25.029Z] 304 GET /api/session/mine/sections 2.378 ms
[2025-07-14T21:54:30.170Z] 200 POST /api/auth/login 42.930 ms
[2025-07-14T21:54:30.184Z] 304 GET /api/session/mine/sections 2.292 ms
[2025-07-14T22:04:50.836Z] 404 GET /api/session/mine/sections 1.896 ms
[2025-07-14T22:06:58.927Z] 200 POST /api/auth/login 101.217 ms
[2025-07-14T22:10:36.634Z] 200 POST /api/auth/login 59.610 ms
[2025-07-14T22:13:13.493Z] 200 POST /api/auth/login 51.545 ms
[2025-07-14T22:13:13.519Z] 200 GET /api/session/mine/subjects 11.914 ms
[2025-07-14T22:25:31.380Z] 200 POST /api/auth/login 60.181 ms
[2025-07-14T22:25:31.397Z] 401 GET /api/session/mine/subjects 1.569 ms
[2025-07-14T22:25:35.404Z] 200 POST /api/auth/login 57.472 ms
[2025-07-14T22:25:35.426Z] 200 GET /api/session/mine/subjects 6.186 ms
[2025-07-14T22:26:08.752Z] 200 POST /api/auth/login 61.405 ms
[2025-07-14T22:26:20.082Z] 200 POST /api/auth/login 50.976 ms
[2025-07-14T22:26:20.098Z] 200 GET /api/session/mine/subjects 3.822 ms
[2025-07-14T22:26:45.713Z] 200 POST /api/auth/login 54.382 ms
[2025-07-14T22:26:45.729Z] 200 GET /api/session/mine/subjects 3.005 ms
[2025-07-14T22:27:12.045Z] 200 POST /api/auth/login 52.458 ms
[2025-07-14T22:27:12.061Z] 200 GET /api/session/mine/subjects 3.070 ms
[2025-07-15T05:12:42.319Z] 200 POST /api/auth/login 59.797 ms
[2025-07-15T05:12:42.338Z] 304 GET /api/session/mine/subjects 5.622 ms
[2025-07-15T05:47:08.727Z] 404 GET / 7.836 ms
[2025-07-15T05:47:08.793Z] 404 GET /favicon.ico 0.380 ms
[2025-07-15T05:47:15.479Z] 404 GET /api/openapi 0.596 ms
[2025-07-15T05:47:19.737Z] 404 GET /openapi 0.771 ms
[2025-07-15T05:48:29.618Z] 301 GET /api/docs 7.964 ms
[2025-07-15T05:48:29.629Z] 200 GET /api/docs/ 2.868 ms
[2025-07-15T05:48:29.661Z] 200 GET /api/docs/swagger-ui-init.js 0.573 ms
[2025-07-15T05:48:29.664Z] 200 GET /api/docs/swagger-ui.css 6.335 ms
[2025-07-15T05:48:29.666Z] 200 GET /api/docs/swagger-ui-standalone-preset.js 6.217 ms
[2025-07-15T05:48:29.674Z] 200 GET /api/docs/swagger-ui-bundle.js 6.755 ms
[2025-07-15T05:48:29.823Z] 200 GET /api/docs/favicon-32x32.png 1.412 ms
[2025-07-15T05:56:21.592Z] 200 POST /api/auth/login 54.397 ms
[2025-07-15T05:56:21.614Z] 304 GET /api/session/mine/subjects 7.042 ms
[2025-07-15T05:57:47.682Z] 304 GET /api/session/mine/subjects 4.473 ms
[2025-07-15T05:58:21.691Z] 304 GET /api/session/mine/subjects 7.107 ms
[2025-07-15T05:59:54.120Z] 304 GET /api/session/mine/subjects 3.925 ms
[2025-07-15T06:02:33.786Z] 500 POST /api/session/open 16.158 ms
[2025-07-15T06:03:28.497Z] 500 POST /api/session/open 8.416 ms
[2025-07-15T06:03:36.161Z] 500 POST /api/session/open 8.575 ms
[2025-07-15T06:08:57.613Z] 401 POST /api/session/open 11.202 ms
[2025-07-15T06:09:05.207Z] 200 POST /api/auth/login 47.706 ms
[2025-07-15T06:09:05.231Z] 304 GET /api/session/mine/subjects 6.932 ms
[2025-07-15T06:09:13.237Z] 500 POST /api/session/open 17.700 ms
[2025-07-15T06:11:35.659Z] 401 POST /api/session/open 15.743 ms
[2025-07-15T06:11:56.203Z] 200 POST /api/auth/login 59.961 ms
[2025-07-15T06:11:56.224Z] 304 GET /api/session/mine/subjects 5.773 ms
[2025-07-15T06:12:02.994Z] 201 POST /api/session/open 16.345 ms
[2025-07-15T06:12:11.513Z] 201 POST /api/session/open 13.619 ms
[2025-07-15T06:14:18.002Z] 201 POST /api/session/open 8.838 ms
[2025-07-15T06:14:20.601Z] 304 GET /api/session/mine/subjects 2.675 ms
[2025-07-15T06:16:13.869Z] 201 POST /api/session/open 9.402 ms
[2025-07-15T06:16:15.645Z] 304 GET /api/session/mine/subjects 3.047 ms
[2025-07-15T06:17:05.625Z] 201 POST /api/session/open 30.762 ms
[2025-07-15T06:17:35.649Z] 304 GET /api/session/mine/subjects 8.409 ms
[2025-07-15T06:18:45.369Z] 201 POST /api/session/open 10.177 ms
[2025-07-15T06:44:16.579Z] 404 POST /api/device/handshake 48.098 ms
[2025-07-15T06:44:20.506Z] 404 POST /api/device/handshake 15.064 ms
[2025-07-15T06:44:24.491Z] 404 POST /api/device/handshake 14.298 ms
[2025-07-15T06:44:28.323Z] 404 POST /api/device/handshake 12.637 ms
[2025-07-15T06:44:32.176Z] 404 POST /api/device/handshake 20.423 ms
[2025-07-15T06:44:36.021Z] 404 POST /api/device/handshake 22.538 ms
[2025-07-15T06:44:40.262Z] 404 POST /api/device/handshake 16.848 ms
[2025-07-15T06:44:44.104Z] 404 POST /api/device/handshake 20.851 ms
[2025-07-15T06:44:47.943Z] 404 POST /api/device/handshake 15.120 ms
[2025-07-15T06:44:58.492Z] 404 POST /api/device/handshake 15.982 ms
[2025-07-15T06:45:02.338Z] 404 POST /api/device/handshake 18.410 ms
[2025-07-15T06:45:06.194Z] 404 POST /api/device/handshake 16.355 ms
[2025-07-15T06:50:57.477Z] 200 GET /api/health 24.669 ms
[2025-07-15T06:50:57.570Z] 404 GET /favicon.ico 3.438 ms
[2025-07-15T06:53:38.205Z] 200 POST /api/device/handshake 38.797 ms
[2025-07-15T06:55:26.544Z] 401 POST /api/session/open 2.307 ms
[2025-07-15T06:55:30.373Z] 200 POST /api/auth/login 60.008 ms
[2025-07-15T06:55:30.399Z] 304 GET /api/session/mine/subjects 9.293 ms
[2025-07-15T06:55:32.769Z] 201 POST /api/session/open 15.411 ms
[2025-07-15T07:00:26.575Z] 304 GET /api/session/mine/subjects 40.820 ms
[2025-07-15T07:00:27.741Z] 304 GET /api/session/mine/subjects 10.516 ms
[2025-07-15T07:00:39.673Z] 200 POST /api/auth/login 62.422 ms
[2025-07-15T07:00:39.690Z] 200 GET /api/session/mine/subjects 2.356 ms
[2025-07-15T07:00:49.853Z] 200 POST /api/auth/login 60.040 ms
[2025-07-15T07:00:49.867Z] 401 GET /api/session/mine/subjects 0.894 ms
[2025-07-15T07:00:55.753Z] 200 POST /api/auth/login 54.074 ms
[2025-07-15T07:00:55.769Z] 200 GET /api/session/mine/subjects 3.030 ms
[2025-07-15T07:01:02.469Z] 304 GET /api/session/mine/subjects 6.658 ms
[2025-07-15T07:01:14.774Z] 201 POST /api/session/open 17.429 ms
[2025-07-15T07:13:12.464Z] 200 POST /api/device/handshake 55.957 ms
[2025-07-15T07:19:08.354Z] 200 POST /api/device/handshake 56.884 ms
[2025-07-15T07:19:17.305Z] 200 POST /api/device/handshake 24.692 ms
[2025-07-15T07:19:49.595Z] 200 POST /api/device/handshake 21.878 ms
[2025-07-15T07:28:51.630Z] 200 POST /api/device/auth 62.266 ms
[2025-07-15T07:29:07.396Z] 401 POST /api/session/open 2.149 ms
[2025-07-15T07:29:10.090Z] 200 POST /api/auth/login 49.810 ms
[2025-07-15T07:29:10.110Z] 304 GET /api/session/mine/subjects 6.411 ms
[2025-07-15T07:29:12.443Z] 201 POST /api/session/open 12.843 ms
[2025-07-15T07:37:31.440Z] 200 POST /api/device/handshake 27.161 ms
[2025-07-15T08:15:06.928Z] 304 GET /api/docs/ 5.972 ms
[2025-07-15T08:15:06.967Z] 304 GET /api/docs/swagger-ui.css 1.154 ms
[2025-07-15T08:15:06.968Z] 304 GET /api/docs/swagger-ui-bundle.js 0.296 ms
[2025-07-15T08:15:06.969Z] 304 GET /api/docs/swagger-ui-init.js 0.176 ms
[2025-07-15T08:15:06.970Z] 304 GET /api/docs/swagger-ui-standalone-preset.js 0.268 ms
[2025-07-15T08:15:07.196Z] 304 GET /api/docs/favicon-32x32.png 0.482 ms
[2025-07-15T08:15:12.166Z] 200 POST /api/device/handshake 26.879 ms
[2025-07-15T08:15:41.322Z] 200 POST /api/device/auth 29.483 ms
[2025-07-15T08:15:54.335Z] 200 POST /api/auth/login 45.103 ms
[2025-07-15T08:15:54.357Z] 304 GET /api/session/mine/subjects 5.933 ms
[2025-07-15T08:15:56.999Z] 201 POST /api/session/open 11.128 ms
[2025-07-15T08:16:15.833Z] 200 POST /api/device/handshake 20.057 ms
[2025-07-15T08:16:37.994Z] 200 POST /api/device/auth 18.161 ms
[2025-07-15T08:18:23.983Z] 404 POST /api/scan 23.252 ms
[2025-07-15T08:18:48.589Z] 500 POST /api/scan 217.732 ms
[2025-07-15T08:35:27.372Z] 304 GET /api/docs/ 3.051 ms
[2025-07-15T08:35:27.400Z] 304 GET /api/docs/swagger-ui-init.js 0.394 ms
[2025-07-15T08:35:27.402Z] 304 GET /api/docs/swagger-ui-bundle.js 0.482 ms
[2025-07-15T08:35:27.403Z] 304 GET /api/docs/swagger-ui.css 1.799 ms
[2025-07-15T08:35:27.403Z] 304 GET /api/docs/swagger-ui-standalone-preset.js 1.642 ms
[2025-07-15T08:35:37.990Z] 200 GET /api/health 2.646 ms
[2025-07-15T08:37:31.066Z] 200 GET /api/health 3.008 ms
[2025-07-15T08:41:13.403Z] 200 GET /api/health 14.141 ms
[2025-07-15T08:41:13.490Z] 404 GET /favicon.ico 6.537 ms
[2025-07-15T08:41:29.441Z] 200 POST /api/device/handshake 176.006 ms
[2025-07-15T08:43:13.879Z] 200 POST /api/device/handshake 33.978 ms
[2025-07-15T08:43:18.053Z] 200 POST /api/device/auth 22.509 ms
[2025-07-15T08:43:27.563Z] 401 POST /api/session/open 2.065 ms
[2025-07-15T08:43:31.539Z] 200 POST /api/auth/login 66.644 ms
[2025-07-15T08:43:31.558Z] 304 GET /api/session/mine/subjects 5.341 ms
[2025-07-15T08:43:40.261Z] 201 POST /api/session/open 10.446 ms
[2025-07-15T08:44:14.828Z] 204 POST /api/scan 16.304 ms
[2025-07-15T08:45:24.529Z] 204 POST /api/scan 14.897 ms
[2025-07-15T08:50:17.906Z] 200 POST /api/device/handshake 43.987 ms
[2025-07-15T08:51:01.379Z] 201 POST /api/session/open 8.635 ms
[2025-07-15T08:51:08.717Z] 200 POST /api/device/auth 20.233 ms
[2025-07-15T08:51:09.252Z] 400 POST /api/device/next-session 17.515 ms
[2025-07-15T08:51:11.300Z] 400 POST /api/device/next-session 7.729 ms
[2025-07-15T08:51:13.352Z] 400 POST /api/device/next-session 12.772 ms
[2025-07-15T08:51:15.424Z] 400 POST /api/device/next-session 8.459 ms
[2025-07-15T08:51:17.476Z] 400 POST /api/device/next-session 12.512 ms
[2025-07-15T08:51:19.548Z] 400 POST /api/device/next-session 10.299 ms
[2025-07-15T08:51:21.671Z] 400 POST /api/device/next-session 11.839 ms
[2025-07-15T08:51:22.812Z] 304 GET /api/session/mine/subjects 7.679 ms
[2025-07-15T08:51:23.719Z] 400 POST /api/device/next-session 8.584 ms
[2025-07-15T08:51:25.439Z] 201 POST /api/session/open 3.743 ms
[2025-07-15T08:51:25.765Z] 400 POST /api/device/next-session 10.601 ms
[2025-07-15T08:51:27.815Z] 400 POST /api/device/next-session 7.312 ms
[2025-07-15T08:51:29.865Z] 400 POST /api/device/next-session 9.217 ms
[2025-07-15T08:51:31.911Z] 400 POST /api/device/next-session 7.972 ms
[2025-07-15T08:51:34.179Z] 400 POST /api/device/next-session 7.643 ms
[2025-07-15T08:51:36.239Z] 400 POST /api/device/next-session 10.181 ms
[2025-07-15T08:51:38.463Z] 400 POST /api/device/next-session 10.809 ms
[2025-07-15T08:51:41.003Z] 400 POST /api/device/next-session 205.988 ms
[2025-07-15T08:51:43.177Z] 400 POST /api/device/next-session 9.594 ms
[2025-07-15T08:51:45.223Z] 400 POST /api/device/next-session 7.931 ms
[2025-07-15T08:51:47.475Z] 400 POST /api/device/next-session 11.802 ms
[2025-07-15T08:51:50.029Z] 400 POST /api/device/next-session 203.145 ms
[2025-07-15T08:51:52.185Z] 400 POST /api/device/next-session 9.999 ms
[2025-07-15T08:51:54.235Z] 400 POST /api/device/next-session 8.260 ms
[2025-07-15T08:51:56.281Z] 400 POST /api/device/next-session 11.071 ms
[2025-07-15T08:51:58.328Z] 400 POST /api/device/next-session 9.416 ms
[2025-07-15T08:52:00.878Z] 400 POST /api/device/next-session 214.916 ms
[2025-07-15T08:52:03.058Z] 400 POST /api/device/next-session 12.604 ms
[2025-07-15T08:52:05.121Z] 400 POST /api/device/next-session 11.154 ms
[2025-07-15T08:52:07.832Z] 400 POST /api/device/next-session 204.977 ms
[2025-07-15T08:52:10.412Z] 400 POST /api/device/next-session 10.633 ms
[2025-07-15T08:52:13.156Z] 400 POST /api/device/next-session 205.097 ms
[2025-07-15T08:52:15.334Z] 400 POST /api/device/next-session 12.984 ms
[2025-07-15T08:52:17.386Z] 400 POST /api/device/next-session 12.878 ms
[2025-07-15T08:52:19.834Z] 400 POST /api/device/next-session 11.859 ms
[2025-07-15T08:52:22.087Z] 400 POST /api/device/next-session 7.371 ms
[2025-07-15T08:52:24.830Z] 400 POST /api/device/next-session 205.317 ms
[2025-07-15T08:52:26.996Z] 400 POST /api/device/next-session 13.325 ms
[2025-07-15T08:54:36.321Z] 200 POST /api/device/handshake 211.337 ms
[2025-07-15T08:54:50.171Z] 200 POST /api/device/auth 19.687 ms
[2025-07-15T08:54:50.981Z] 400 POST /api/device/next-session 12.359 ms
[2025-07-15T08:54:53.709Z] 400 POST /api/device/next-session 192.589 ms
[2025-07-15T08:54:55.895Z] 400 POST /api/device/next-session 9.046 ms
[2025-07-15T08:54:58.149Z] 400 POST /api/device/next-session 9.091 ms
[2025-07-15T08:54:59.447Z] 201 POST /api/session/open 9.287 ms
[2025-07-15T08:55:00.887Z] 400 POST /api/device/next-session 204.277 ms
[2025-07-15T08:55:03.046Z] 400 POST /api/device/next-session 15.038 ms
[2025-07-15T08:55:05.111Z] 400 POST /api/device/next-session 8.931 ms
[2025-07-15T08:55:07.162Z] 400 POST /api/device/next-session 12.934 ms
[2025-07-15T08:55:09.695Z] 400 POST /api/device/next-session 205.024 ms
[2025-07-15T08:55:11.866Z] 400 POST /api/device/next-session 8.673 ms
[2025-07-15T08:55:13.923Z] 400 POST /api/device/next-session 9.304 ms
[2025-07-15T08:55:16.166Z] 400 POST /api/device/next-session 9.611 ms
[2025-07-15T08:55:19.045Z] 400 POST /api/device/next-session 113.775 ms
[2025-07-15T08:55:21.291Z] 400 POST /api/device/next-session 8.604 ms
[2025-07-15T08:55:23.336Z] 400 POST /api/device/next-session 7.496 ms
[2025-07-15T08:55:25.986Z] 400 POST /api/device/next-session 110.444 ms
[2025-07-15T08:55:28.048Z] 400 POST /api/device/next-session 14.768 ms
[2025-07-15T08:55:30.118Z] 400 POST /api/device/next-session 8.188 ms
[2025-07-15T08:55:32.177Z] 400 POST /api/device/next-session 7.713 ms
[2025-07-15T08:55:34.272Z] 400 POST /api/device/next-session 13.168 ms
[2025-07-15T08:55:36.348Z] 400 POST /api/device/next-session 12.606 ms
[2025-07-15T08:55:38.703Z] 400 POST /api/device/next-session 10.275 ms
[2025-07-15T08:55:40.759Z] 400 POST /api/device/next-session 11.519 ms
[2025-07-15T08:55:42.813Z] 400 POST /api/device/next-session 11.397 ms
[2025-07-15T08:55:44.859Z] 400 POST /api/device/next-session 7.221 ms
[2025-07-15T08:55:46.907Z] 400 POST /api/device/next-session 9.919 ms
[2025-07-15T08:55:49.155Z] 400 POST /api/device/next-session 7.942 ms
[2025-07-15T08:55:51.200Z] 400 POST /api/device/next-session 7.217 ms
[2025-07-15T08:55:53.250Z] 400 POST /api/device/next-session 8.613 ms
[2025-07-15T08:55:55.296Z] 400 POST /api/device/next-session 7.810 ms
[2025-07-15T08:55:57.742Z] 400 POST /api/device/next-session 7.702 ms
[2025-07-15T08:56:00.187Z] 400 POST /api/device/next-session 155.856 ms
[2025-07-15T08:56:02.942Z] 400 POST /api/device/next-session 203.212 ms
[2025-07-15T08:56:05.094Z] 400 POST /api/device/next-session 10.594 ms
[2025-07-15T08:56:07.161Z] 400 POST /api/device/next-session 8.026 ms
[2025-07-15T08:56:09.607Z] 400 POST /api/device/next-session 109.684 ms
[2025-07-15T08:56:11.666Z] 400 POST /api/device/next-session 7.928 ms
[2025-07-15T08:56:14.207Z] 400 POST /api/device/next-session 205.314 ms
[2025-07-15T08:56:16.385Z] 400 POST /api/device/next-session 8.532 ms
[2025-07-15T08:56:18.630Z] 400 POST /api/device/next-session 8.632 ms
[2025-07-15T08:56:20.892Z] 400 POST /api/device/next-session 12.067 ms
[2025-07-15T08:56:22.941Z] 400 POST /api/device/next-session 8.324 ms
[2025-07-15T08:56:24.990Z] 400 POST /api/device/next-session 8.291 ms
[2025-07-15T08:56:27.045Z] 400 POST /api/device/next-session 11.926 ms
[2025-07-15T08:56:29.096Z] 400 POST /api/device/next-session 8.780 ms
[2025-07-15T08:56:31.151Z] 400 POST /api/device/next-session 12.484 ms
[2025-07-15T08:56:33.383Z] 400 POST /api/device/next-session 14.044 ms
[2025-07-15T08:56:35.632Z] 400 POST /api/device/next-session 8.223 ms
[2025-07-15T08:56:38.372Z] 400 POST /api/device/next-session 204.246 ms
[2025-07-15T08:56:40.546Z] 400 POST /api/device/next-session 9.671 ms
[2025-07-15T08:56:43.290Z] 400 POST /api/device/next-session 204.639 ms
[2025-07-15T08:56:45.479Z] 400 POST /api/device/next-session 13.927 ms
[2025-07-15T08:56:47.919Z] 400 POST /api/device/next-session 10.136 ms
[2025-07-15T08:56:50.476Z] 400 POST /api/device/next-session 208.906 ms
[2025-07-15T08:56:52.618Z] 400 POST /api/device/next-session 12.919 ms
[2025-07-15T08:56:54.673Z] 400 POST /api/device/next-session 7.148 ms
[2025-07-15T08:56:56.724Z] 400 POST /api/device/next-session 9.566 ms
[2025-07-15T08:56:59.469Z] 400 POST /api/device/next-session 207.360 ms
[2025-07-15T08:57:01.626Z] 400 POST /api/device/next-session 9.942 ms
[2025-07-15T08:57:03.988Z] 400 POST /api/device/next-session 204.869 ms
[2025-07-15T08:57:06.124Z] 400 POST /api/device/next-session 11.809 ms
[2025-07-15T08:57:08.190Z] 400 POST /api/device/next-session 7.944 ms
[2025-07-15T08:57:10.937Z] 400 POST /api/device/next-session 204.388 ms
[2025-07-15T08:57:13.110Z] 400 POST /api/device/next-session 10.157 ms
[2025-07-15T08:57:15.155Z] 400 POST /api/device/next-session 8.861 ms
[2025-07-15T08:57:17.201Z] 400 POST /api/device/next-session 7.936 ms
[2025-07-15T08:57:19.653Z] 400 POST /api/device/next-session 146.708 ms
[2025-07-15T08:57:21.709Z] 400 POST /api/device/next-session 9.060 ms
[2025-07-15T08:57:23.766Z] 400 POST /api/device/next-session 12.504 ms
[2025-07-15T08:57:26.013Z] 400 POST /api/device/next-session 11.430 ms
[2025-07-15T08:57:28.059Z] 400 POST /api/device/next-session 7.729 ms
[2025-07-15T08:57:30.109Z] 400 POST /api/device/next-session 8.132 ms
[2025-07-15T08:57:32.755Z] 400 POST /api/device/next-session 92.112 ms
[2025-07-15T08:57:34.802Z] 400 POST /api/device/next-session 7.871 ms
[2025-07-15T08:57:36.849Z] 400 POST /api/device/next-session 8.258 ms
[2025-07-15T08:57:38.914Z] 400 POST /api/device/next-session 9.775 ms
[2025-07-15T08:57:40.962Z] 400 POST /api/device/next-session 11.058 ms
[2025-07-15T08:57:43.018Z] 400 POST /api/device/next-session 15.662 ms
[2025-07-15T08:57:45.548Z] 400 POST /api/device/next-session 203.953 ms
[2025-07-15T08:57:47.698Z] 400 POST /api/device/next-session 8.738 ms
[2025-07-15T08:57:49.792Z] 400 POST /api/device/next-session 42.453 ms
[2025-07-15T08:57:51.854Z] 400 POST /api/device/next-session 11.317 ms
[2025-07-15T08:57:54.067Z] 400 POST /api/device/next-session 11.256 ms
[2025-07-15T08:57:56.515Z] 400 POST /api/device/next-session 113.551 ms
[2025-07-15T08:57:58.574Z] 400 POST /api/device/next-session 9.804 ms
[2025-07-15T08:58:00.623Z] 400 POST /api/device/next-session 8.529 ms
[2025-07-15T08:58:02.668Z] 400 POST /api/device/next-session 8.493 ms
[2025-07-15T08:58:04.740Z] 400 POST /api/device/next-session 9.461 ms
[2025-07-15T08:58:07.383Z] 400 POST /api/device/next-session 127.810 ms
[2025-07-15T08:58:09.429Z] 400 POST /api/device/next-session 7.245 ms
[2025-07-15T08:58:11.499Z] 400 POST /api/device/next-session 11.629 ms
[2025-07-15T08:58:13.730Z] 400 POST /api/device/next-session 10.223 ms
[2025-07-15T08:58:15.785Z] 400 POST /api/device/next-session 7.517 ms
[2025-07-15T08:58:17.832Z] 400 POST /api/device/next-session 13.756 ms
[2025-07-15T08:58:19.895Z] 400 POST /api/device/next-session 10.360 ms
[2025-07-15T08:58:22.325Z] 400 POST /api/device/next-session 117.624 ms
[2025-07-15T08:58:24.583Z] 400 POST /api/device/next-session 9.883 ms
[2025-07-15T08:58:26.637Z] 400 POST /api/device/next-session 12.807 ms
[2025-07-15T08:58:28.698Z] 400 POST /api/device/next-session 10.068 ms
[2025-07-15T08:58:30.746Z] 400 POST /api/device/next-session 12.007 ms
[2025-07-15T08:58:33.172Z] 400 POST /api/device/next-session 111.328 ms
[2025-07-15T08:58:35.229Z] 400 POST /api/device/next-session 7.303 ms
[2025-07-15T08:58:37.697Z] 400 POST /api/device/next-session 129.652 ms
[2025-07-15T08:58:40.224Z] 400 POST /api/device/next-session 198.469 ms
[2025-07-15T08:58:42.413Z] 400 POST /api/device/next-session 11.446 ms
[2025-07-15T08:58:44.496Z] 400 POST /api/device/next-session 42.381 ms
[2025-07-15T08:58:46.730Z] 400 POST /api/device/next-session 11.831 ms
[2025-07-15T08:58:49.396Z] 400 POST /api/device/next-session 258.350 ms
[2025-07-15T08:58:51.442Z] 400 POST /api/device/next-session 9.691 ms
[2025-07-15T08:58:53.491Z] 400 POST /api/device/next-session 8.688 ms
[2025-07-15T08:58:55.715Z] 400 POST /api/device/next-session 11.485 ms
[2025-07-15T08:58:58.253Z] 400 POST /api/device/next-session 207.229 ms
[2025-07-15T08:59:00.627Z] 400 POST /api/device/next-session 10.581 ms
[2025-07-15T08:59:02.882Z] 400 POST /api/device/next-session 10.651 ms
[2025-07-15T08:59:05.328Z] 400 POST /api/device/next-session 137.435 ms
[2025-07-15T08:59:07.388Z] 400 POST /api/device/next-session 8.470 ms
[2025-07-15T08:59:09.443Z] 400 POST /api/device/next-session 8.574 ms
[2025-07-15T08:59:11.504Z] 400 POST /api/device/next-session 11.668 ms
[2025-07-15T08:59:13.558Z] 400 POST /api/device/next-session 9.098 ms
[2025-07-15T08:59:15.606Z] 400 POST /api/device/next-session 8.220 ms
[2025-07-15T08:59:17.652Z] 400 POST /api/device/next-session 8.511 ms
[2025-07-15T08:59:20.181Z] 400 POST /api/device/next-session 204.037 ms
[2025-07-15T08:59:22.339Z] 400 POST /api/device/next-session 10.090 ms
[2025-07-15T08:59:24.387Z] 400 POST /api/device/next-session 10.789 ms
[2025-07-15T08:59:26.439Z] 400 POST /api/device/next-session 9.263 ms
[2025-07-15T08:59:28.487Z] 400 POST /api/device/next-session 11.021 ms
[2025-07-15T08:59:30.539Z] 400 POST /api/device/next-session 9.005 ms
[2025-07-15T08:59:32.600Z] 400 POST /api/device/next-session 11.194 ms
[2025-07-15T08:59:34.662Z] 400 POST /api/device/next-session 10.289 ms
[2025-07-15T08:59:36.719Z] 400 POST /api/device/next-session 9.094 ms
[2025-07-15T08:59:38.810Z] 400 POST /api/device/next-session 13.464 ms
[2025-07-15T08:59:41.376Z] 400 POST /api/device/next-session 115.953 ms
[2025-07-15T08:59:43.846Z] 400 POST /api/device/next-session 7.962 ms
[2025-07-15T08:59:45.890Z] 400 POST /api/device/next-session 10.030 ms
[2025-07-15T08:59:47.946Z] 400 POST /api/device/next-session 7.981 ms
[2025-07-15T08:59:50.008Z] 400 POST /api/device/next-session 10.024 ms
[2025-07-15T08:59:52.434Z] 400 POST /api/device/next-session 97.518 ms
[2025-07-15T08:59:55.097Z] 400 POST /api/device/next-session 114.389 ms
[2025-07-15T08:59:57.554Z] 400 POST /api/device/next-session 114.505 ms
[2025-07-15T08:59:59.825Z] 400 POST /api/device/next-session 11.559 ms
[2025-07-15T09:00:01.887Z] 400 POST /api/device/next-session 13.486 ms
[2025-07-15T09:00:04.137Z] 400 POST /api/device/next-session 10.273 ms
[2025-07-15T09:00:06.591Z] 400 POST /api/device/next-session 139.428 ms
[2025-07-15T09:00:08.642Z] 400 POST /api/device/next-session 9.352 ms
[2025-07-15T09:00:10.696Z] 400 POST /api/device/next-session 10.411 ms
[2025-07-15T09:00:13.414Z] 400 POST /api/device/next-session 204.779 ms
[2025-07-15T09:00:15.572Z] 400 POST /api/device/next-session 15.993 ms
[2025-07-15T09:00:17.632Z] 400 POST /api/device/next-session 11.174 ms
[2025-07-15T09:00:41.107Z] 200 POST /api/device/handshake 80.007 ms
[2025-07-15T09:00:57.869Z] 200 POST /api/device/auth 218.832 ms
[2025-07-15T09:00:58.590Z] 200 GET /api/device/next-session 16.120 ms
[2025-07-15T09:01:10.160Z] 204 POST /api/scan 219.247 ms
[2025-07-15T09:01:18.048Z] 204 POST /api/scan 120.289 ms
[2025-07-15T09:01:27.805Z] 401 POST /api/session/open 2.767 ms
[2025-07-15T09:01:30.985Z] 200 POST /api/auth/login 55.842 ms
[2025-07-15T09:01:31.004Z] 304 GET /api/session/mine/subjects 4.191 ms
[2025-07-15T09:01:33.530Z] 201 POST /api/session/open 10.289 ms
[2025-07-15T09:08:27.235Z] 200 POST /api/device/handshake 19.768 ms
[2025-07-15T09:29:28.516Z] 200 GET /api/health 51.869 ms
[2025-07-15T09:30:15.970Z] 404 POST //api/device/handshake 145.729 ms
[2025-07-15T09:30:26.473Z] 404 POST //api/device/handshake 204.199 ms
[2025-07-15T09:30:36.917Z] 404 POST //api/device/handshake 239.832 ms
[2025-07-15T09:30:47.523Z] 404 POST //api/device/handshake 10.180 ms
[2025-07-15T09:30:57.307Z] 404 POST //api/device/handshake 122.043 ms
[2025-07-15T09:31:07.113Z] 404 POST //api/device/handshake 12.657 ms
[2025-07-15T09:31:17.413Z] 404 POST //api/device/handshake 141.054 ms
[2025-07-15T09:31:22.929Z] 200 GET /api/health 3.612 ms
[2025-07-15T09:31:26.146Z] 200 GET /api/health 3.526 ms
[2025-07-15T09:31:27.228Z] 404 POST //api/device/handshake 11.561 ms
[2025-07-15T09:31:27.736Z] 200 GET /api/health 1.746 ms
[2025-07-15T09:31:28.055Z] 200 GET /api/health 1.634 ms
[2025-07-15T09:31:28.281Z] 200 GET /api/health 1.288 ms
[2025-07-15T09:31:28.537Z] 200 GET /api/health 1.548 ms
[2025-07-15T09:31:28.779Z] 200 GET /api/health 1.584 ms
[2025-07-15T09:31:29.011Z] 200 GET /api/health 2.008 ms
[2025-07-15T09:31:29.174Z] 200 GET /api/health 1.431 ms
[2025-07-15T09:31:29.431Z] 200 GET /api/health 2.671 ms
[2025-07-15T09:31:29.614Z] 200 GET /api/health 1.721 ms
[2025-07-15T09:31:29.821Z] 200 GET /api/health 1.538 ms
[2025-07-15T09:31:30.040Z] 200 GET /api/health 1.898 ms
[2025-07-15T09:31:30.242Z] 200 GET /api/health 2.093 ms
[2025-07-15T09:31:30.434Z] 200 GET /api/health 2.146 ms
[2025-07-15T09:31:30.705Z] 200 GET /api/health 1.604 ms
[2025-07-15T09:31:30.900Z] 200 GET /api/health 1.555 ms
[2025-07-15T09:31:31.083Z] 200 GET /api/health 1.658 ms
[2025-07-15T09:31:31.276Z] 200 GET /api/health 1.166 ms
[2025-07-15T09:31:31.480Z] 200 GET /api/health 1.508 ms
[2025-07-15T09:31:31.682Z] 200 GET /api/health 1.057 ms
[2025-07-15T09:31:37.057Z] 404 POST //api/device/handshake 11.118 ms
[2025-07-15T09:31:43.376Z] 404 GET /api/device/handshake 1.727 ms
[2025-07-15T09:31:48.129Z] 404 POST //api/device/handshake 13.484 ms
[2025-07-15T09:31:57.943Z] 404 POST //api/device/handshake 10.214 ms
[2025-07-15T09:32:08.020Z] 404 POST //api/device/handshake 21.072 ms
[2025-07-15T09:32:38.335Z] 200 POST /api/device/handshake 173.795 ms
[2025-07-15T09:32:58.921Z] 200 POST /api/auth/login 44.748 ms
[2025-07-15T09:32:58.941Z] 304 GET /api/session/mine/subjects 6.111 ms
[2025-07-15T09:33:01.425Z] 201 POST /api/session/open 12.050 ms
[2025-07-15T09:33:05.610Z] 200 POST /api/device/auth 209.924 ms
[2025-07-15T09:33:06.235Z] 200 GET /api/device/next-session 9.825 ms
[2025-07-15T09:33:20.399Z] 201 POST /api/session/open 10.181 ms
[2025-07-15T09:33:23.862Z] 404 POST /api/scan 13.532 ms
[2025-07-15T09:33:25.885Z] 404 POST /api/scan 309.290 ms
[2025-07-15T09:33:36.393Z] 204 POST /api/scan 15.233 ms
[2025-07-15T09:47:23.053Z] 200 POST /api/device/handshake 19.568 ms
[2025-07-15T09:47:36.183Z] 200 POST /api/auth/login 57.138 ms
[2025-07-15T09:47:36.206Z] 304 GET /api/session/mine/subjects 7.737 ms
[2025-07-15T09:47:38.805Z] 201 POST /api/session/open 12.390 ms
[2025-07-15T09:47:57.737Z] 200 POST /api/device/auth 217.258 ms
[2025-07-15T09:47:58.449Z] 200 GET /api/device/next-session 8.607 ms
[2025-07-15T09:48:01.934Z] 404 POST /api/scan 115.091 ms
[2025-07-15T09:48:07.058Z] 204 POST /api/scan 119.551 ms
[2025-07-15T09:50:01.493Z] 200 POST /api/auth/login 55.685 ms
[2025-07-15T09:50:01.511Z] 304 GET /api/session/mine/subjects 4.711 ms
[2025-07-15T09:50:10.800Z] 201 POST /api/session/open 15.389 ms
[2025-07-15T09:50:11.187Z] 200 POST /api/device/handshake 18.931 ms
[2025-07-15T09:52:20.939Z] 201 POST /api/session/open 10.848 ms
[2025-07-15T09:52:29.705Z] 403 POST /api/device/auth 208.742 ms
[2025-07-15T09:54:13.861Z] 200 POST /api/device/auth 122.022 ms
[2025-07-15T09:54:14.873Z] 200 GET /api/device/next-session 8.024 ms
[2025-07-15T09:54:18.463Z] 204 POST /api/scan 367.618 ms
[2025-07-15T10:21:09.606Z] 401 POST /api/session/open 10.650 ms
[2025-07-15T10:21:16.125Z] 200 POST /api/auth/login 50.316 ms
[2025-07-15T10:21:16.150Z] 304 GET /api/session/mine/subjects 6.047 ms
[2025-07-15T10:21:18.505Z] 201 POST /api/session/open 13.104 ms
[2025-07-15T10:22:04.672Z] 200 POST /api/device/handshake 39.861 ms
[2025-07-15T10:22:13.861Z] 200 POST /api/device/auth 12.909 ms
[2025-07-15T10:22:14.458Z] 200 GET /api/device/next-session 8.913 ms
[2025-07-15T10:22:19.793Z] 204 POST /api/scan 123.019 ms
[2025-07-15T10:34:05.207Z] 200 POST /api/auth/login 72.235 ms
[2025-07-15T10:34:05.226Z] 304 GET /api/session/mine/subjects 4.680 ms
[2025-07-15T10:38:04.293Z] 200 POST /api/auth/login 57.350 ms
[2025-07-15T10:38:04.306Z] 200 GET /api/session/mine/subjects 2.701 ms
[2025-07-15T10:39:32.705Z] 304 GET /api/session/mine/subjects 17.223 ms
[2025-07-15T10:39:55.222Z] 304 GET /api/session/mine/subjects 5.203 ms
[2025-07-15T10:40:25.529Z] 304 GET /api/session/mine/subjects 7.808 ms
[2025-07-15T10:43:13.450Z] 200 POST /api/auth/login 64.223 ms
[2025-07-15T10:43:13.474Z] 304 GET /api/session/mine/subjects 4.119 ms
[2025-07-15T10:43:48.398Z] 304 GET /api/session/mine/subjects 10.882 ms
[2025-07-15T10:45:50.978Z] 201 POST /api/session/open 47.290 ms
[2025-07-15T10:46:09.610Z] 200 POST /api/device/handshake 214.886 ms
[2025-07-15T10:46:17.513Z] 200 POST /api/device/auth 14.558 ms
[2025-07-15T10:46:18.035Z] 200 GET /api/device/next-session 7.977 ms
[2025-07-15T10:46:26.119Z] 204 POST /api/scan 23.500 ms
[2025-07-15T10:46:34.087Z] 204 POST /api/scan 303.190 ms
[2025-07-15T10:46:44.271Z] 201 POST /api/session/open 8.584 ms
[2025-07-15T10:46:47.682Z] 500 PATCH /api/session/close/26 21.900 ms
[2025-07-15T10:46:56.387Z] 304 GET /api/session/mine/subjects 5.359 ms
[2025-07-15T10:47:02.384Z] 200 POST /api/auth/login 57.193 ms
[2025-07-15T10:47:02.398Z] 304 GET /api/session/mine/subjects 2.456 ms
[2025-07-15T10:47:04.429Z] 201 POST /api/session/open 8.338 ms
[2025-07-15T10:47:09.112Z] 500 PATCH /api/session/close/27 8.903 ms
[2025-07-15T11:00:23.613Z] 200 POST /api/auth/login 115.526 ms
[2025-07-15T11:00:23.646Z] 304 GET /api/session/mine/subjects 15.034 ms
[2025-07-15T11:00:26.108Z] 201 POST /api/session/open 17.380 ms
[2025-07-15T11:00:35.638Z] 200 POST /api/device/handshake 16.729 ms
[2025-07-15T11:00:44.527Z] 200 POST /api/device/auth 218.298 ms
[2025-07-15T11:00:45.241Z] 200 GET /api/device/next-session 10.012 ms
[2025-07-15T11:00:50.990Z] 204 POST /api/scan 127.816 ms
[2025-07-15T11:01:21.321Z] 500 PATCH /api/session/close/28 49.126 ms
[2025-07-15T11:08:57.849Z] 200 POST /api/auth/login 60.081 ms
[2025-07-15T11:08:57.875Z] 304 GET /api/session/mine/subjects 9.121 ms
[2025-07-15T11:08:57.881Z] 304 GET /api/session/mine/subjects 3.159 ms
[2025-07-15T11:08:59.996Z] 201 POST /api/session/open 14.952 ms
[2025-07-15T11:09:02.387Z] 304 GET /api/session/mine/subjects 4.157 ms
[2025-07-15T11:09:02.397Z] 304 GET /api/session/mine/subjects 5.981 ms
[2025-07-15T11:10:05.527Z] 200 POST /api/auth/login 103.620 ms
[2025-07-15T11:10:05.550Z] 200 GET /api/session/mine/subjects 8.898 ms
[2025-07-15T11:10:05.556Z] 304 GET /api/session/mine/subjects 3.061 ms
[2025-07-15T11:10:12.115Z] 304 GET /api/session/mine/subjects 3.434 ms
[2025-07-15T11:10:12.121Z] 304 GET /api/session/mine/subjects 3.039 ms
[2025-07-15T11:10:14.184Z] 304 GET /api/session/mine/subjects 5.833 ms
[2025-07-15T11:10:14.197Z] 304 GET /api/session/mine/subjects 6.008 ms
[2025-07-15T11:10:18.676Z] 200 POST /api/auth/login 60.836 ms
[2025-07-15T11:10:18.694Z] 401 GET /api/session/mine/subjects 1.070 ms
[2025-07-15T11:10:18.698Z] 401 GET /api/session/mine/subjects 0.983 ms
[2025-07-15T11:10:22.879Z] 200 POST /api/auth/login 66.057 ms
[2025-07-15T11:10:22.898Z] 200 GET /api/session/mine/subjects 3.557 ms
[2025-07-15T11:10:22.904Z] 304 GET /api/session/mine/subjects 2.553 ms
[2025-07-15T11:10:40.761Z] 201 POST /api/session/open 16.843 ms
[2025-07-15T11:10:46.753Z] 201 POST /api/session/open 8.904 ms
[2025-07-15T11:14:18.538Z] 304 GET /api/session/mine/subjects 13.588 ms
[2025-07-15T11:14:24.916Z] 200 POST /api/auth/login 57.107 ms
[2025-07-15T11:14:24.935Z] 304 GET /api/session/mine/subjects 3.984 ms
[2025-07-15T11:14:27.301Z] 201 POST /api/session/open 13.872 ms
[2025-07-15T11:14:36.857Z] 200 POST /api/auth/login 53.847 ms
[2025-07-15T11:14:36.875Z] 304 GET /api/session/mine/subjects 3.538 ms
[2025-07-15T11:14:51.810Z] 201 POST /api/session/open 11.707 ms
[2025-07-15T11:15:06.775Z] 200 POST /api/device/handshake 15.629 ms
[2025-07-15T11:15:13.762Z] 200 POST /api/device/auth 17.285 ms
[2025-07-15T11:15:14.309Z] 200 GET /api/device/next-session 9.610 ms
[2025-07-15T11:15:33.485Z] 204 POST /api/scan 17.562 ms
[2025-07-15T11:28:44.494Z] 201 POST /api/session/open 21.896 ms
[2025-07-15T11:35:34.507Z] 200 POST /api/auth/login 52.281 ms
[2025-07-15T11:35:34.531Z] 304 GET /api/session/mine/subjects 7.383 ms
[2025-07-15T11:35:37.389Z] 201 POST /api/session/open 13.841 ms
[2025-07-15T11:37:43.125Z] 201 POST /api/session/open 12.236 ms
[2025-07-15T11:37:46.512Z] 201 POST /api/session/open 10.243 ms
[2025-07-15T11:46:16.110Z] 200 POST /api/auth/login 115.876 ms
[2025-07-15T11:46:16.138Z] 304 GET /api/session/mine/subjects 9.320 ms
[2025-07-15T11:46:16.146Z] 304 GET /api/session/mine/subjects 3.514 ms
[2025-07-15T11:46:18.584Z] 201 POST /api/session/open 16.741 ms
[2025-07-15T11:48:55.465Z] 200 POST /api/auth/login 57.778 ms
[2025-07-15T11:48:55.494Z] 304 GET /api/session/mine/subjects 5.155 ms
[2025-07-15T11:48:55.499Z] 304 GET /api/session/mine/subjects 2.570 ms
[2025-07-15T11:48:58.644Z] 201 POST /api/session/open 6.646 ms
[2025-07-15T11:50:48.310Z] 200 POST /api/auth/login 64.288 ms
[2025-07-15T11:50:48.331Z] 304 GET /api/session/mine/subjects 3.898 ms
[2025-07-15T11:50:48.337Z] 304 GET /api/session/mine/subjects 3.602 ms
[2025-07-15T11:50:51.229Z] 201 POST /api/session/open 5.348 ms
[2025-07-15T11:50:56.740Z] 500 PATCH /api/session/close/40 27.204 ms
[2025-07-15T11:51:09.696Z] 304 GET /api/session/mine/subjects 7.380 ms
[2025-07-15T11:51:09.705Z] 304 GET /api/session/mine/subjects 5.394 ms
[2025-07-15T11:51:20.523Z] 201 POST /api/session/open 23.550 ms
[2025-07-15T11:51:35.803Z] 200 POST /api/device/handshake 29.525 ms
[2025-07-15T11:51:41.829Z] 200 POST /api/device/auth 58.302 ms
[2025-07-15T11:51:42.442Z] 200 GET /api/device/next-session 9.281 ms
[2025-07-15T11:51:45.903Z] 404 POST /api/scan 315.294 ms
[2025-07-15T11:51:49.702Z] 204 POST /api/scan 116.276 ms
[2025-07-15T11:51:57.504Z] 204 POST /api/scan 23.902 ms
[2025-07-15T11:54:21.990Z] 200 POST /api/auth/login 65.000 ms
[2025-07-15T11:54:22.006Z] 304 GET /api/session/mine/subjects 4.973 ms
[2025-07-15T11:54:22.012Z] 304 GET /api/session/mine/subjects 3.380 ms
[2025-07-15T11:54:24.315Z] 201 POST /api/session/open 11.015 ms
[2025-07-15T12:13:03.674Z] 200 POST /api/auth/login 56.996 ms
[2025-07-15T12:13:03.695Z] 401 GET /api/session/mine/subjects 1.704 ms
[2025-07-15T12:13:03.700Z] 401 GET /api/session/mine/subjects 1.260 ms
[2025-07-15T12:13:07.625Z] 200 POST /api/auth/login 60.930 ms
[2025-07-15T12:13:07.648Z] 304 GET /api/session/mine/subjects 7.632 ms
[2025-07-15T12:13:07.654Z] 304 GET /api/session/mine/subjects 3.375 ms
[2025-07-15T12:15:31.110Z] 200 POST /api/auth/login 45.325 ms
[2025-07-15T12:15:31.127Z] 304 GET /api/session/mine/subjects 3.259 ms
[2025-07-15T12:15:31.132Z] 304 GET /api/session/mine/subjects 2.960 ms
[2025-07-15T12:15:33.971Z] 201 POST /api/session/open 15.214 ms
[2025-07-15T12:22:22.790Z] 201 POST /api/session/open 61.825 ms
[2025-07-15T12:22:36.813Z] 200 POST /api/device/handshake 117.889 ms
[2025-07-15T12:22:44.954Z] 200 POST /api/device/auth 22.551 ms
[2025-07-15T12:22:45.513Z] 200 GET /api/device/next-session 12.864 ms
[2025-07-15T12:23:05.510Z] 204 POST /api/scan 27.640 ms
[2025-07-15T12:23:13.596Z] 204 POST /api/scan 23.413 ms
[2025-07-15T12:27:25.958Z] 201 POST /api/session/open 21.922 ms
[2025-07-15T12:27:34.691Z] 200 POST /api/device/handshake 216.372 ms
[2025-07-15T12:27:42.138Z] 200 POST /api/device/auth 16.757 ms
[2025-07-15T12:27:42.672Z] 200 GET /api/device/next-session 7.039 ms
[2025-07-15T12:27:52.384Z] 200 POST /api/auth/login 58.488 ms
[2025-07-15T12:27:52.403Z] 304 GET /api/session/mine/subjects 4.408 ms
[2025-07-15T12:27:52.408Z] 304 GET /api/session/mine/subjects 2.558 ms
[2025-07-15T12:27:54.332Z] 201 POST /api/session/open 7.907 ms
[2025-07-15T12:28:24.482Z] 200 POST /api/device/handshake 18.393 ms
[2025-07-15T12:28:31.815Z] 200 POST /api/device/auth 15.717 ms
[2025-07-15T12:28:32.440Z] 200 GET /api/device/next-session 7.364 ms
[2025-07-15T12:28:38.503Z] 204 POST /api/scan 131.604 ms
[2025-07-15T12:29:50.679Z] 200 POST /api/device/handshake 213.760 ms
[2025-07-15T12:29:54.719Z] 200 POST /api/auth/login 56.208 ms
[2025-07-15T12:29:54.750Z] 304 GET /api/session/mine/subjects 9.873 ms
[2025-07-15T12:29:54.760Z] 304 GET /api/session/mine/subjects 5.739 ms
[2025-07-15T12:29:57.509Z] 201 POST /api/session/open 14.473 ms
[2025-07-15T12:30:02.274Z] 200 POST /api/device/auth 21.792 ms
[2025-07-15T12:30:02.864Z] 200 GET /api/device/next-session 10.233 ms
[2025-07-15T12:30:14.663Z] 204 POST /api/scan 16.023 ms
[2025-07-15T12:30:22.949Z] 204 POST /api/scan 126.483 ms
